<?xml version="1.0" encoding="UTF-8"?>
<!-- Generated by org.testng.reporters.JUnitReportReporter -->
<testsuite hostname="MacBook-Pro-M1.local" failures="0" tests="1" name="dev.selenium.tests.SVGElementHandlerTest" time="15.304" errors="0" timestamp="2023-03-06T15:26:56 IST" skipped="0">
  <testcase classname="dev.selenium.tests.SVGElementHandlerTest" name="testlaunchBrowser" time="15.304"/>
  <system-out/>
</testsuite> <!-- dev.selenium.tests.SVGElementHandlerTest -->
