<?xml version="1.0" encoding="UTF-8"?>
<!-- Generated by org.testng.reporters.JUnitReportReporter -->
<testsuite hostname="MacBook-Pro-M1.local" failures="0" tests="1" name="dev.selenium.tests.DynamicElementsHandlerTest" time="52.173" errors="0" timestamp="2023-03-14T17:25:10 IST" skipped="0">
  <testcase classname="dev.selenium.tests.DynamicElementsHandlerTest" name="testToPrintDataValuesFor20secs" time="52.173"/>
  <system-out/>
</testsuite> <!-- dev.selenium.tests.DynamicElementsHandlerTest -->
