<?xml version="1.0" encoding="UTF-8"?>
<!-- Generated by org.testng.reporters.JUnitReportReporter -->
<testsuite hostname="MacBook-Pro-M1.local" failures="0" tests="1" name="dev.selenium.tests.SVGElementHandlerTest" time="20.492" errors="0" timestamp="2023-03-07T12:02:44 IST" skipped="0">
  <testcase classname="dev.selenium.tests.SVGElementHandlerTest" name="testSvgElementVisibility" time="20.492"/>
  <system-out/>
</testsuite> <!-- dev.selenium.tests.SVGElementHandlerTest -->
